<?xml version="1.0" encoding="UTF-8"?>
<testsuite xmlns:xsi="http://www.w3.org/2001/XMLSchema-instance" xsi:noNamespaceSchemaLocation="https://maven.apache.org/surefire/maven-surefire-plugin/xsd/surefire-test-report-3.0.xsd" version="3.0" name="com.inventory.controller.OrderControllerIntegrationTests" time="27.405" tests="2" errors="0" skipped="0" failures="0">
  <properties>
[...]
</properties>
  <testcase name="placeOrder_createsOrderItems_and_decreasesStock" classname="com.inventory.controller.OrderControllerIntegrationTests" time="4.614">
    <system-out><![CDATA[12:01:16.935 [main] INFO org.springframework.test.context.support.AnnotationConfigContextLoaderUtils -- Could not detect default configuration classes for test class [com.inventory.controller.OrderControllerIntegrationTests]: OrderControllerIntegrationTests does not declare any static, non-private, non-final, nested classes annotated with @Configuration.
12:01:17.536 [main] INFO org.springframework.boot.test.context.SpringBootTestContextBootstrapper -- Found @SpringBootConfiguration com.inventory.InventoryManagementApplication for test class com.inventory.controller.OrderControllerIntegrationTests

  .   ____          _            __ _ _
 /\\ / ___'_ __ _ _(_)_ __  __ _ \ \ \ \
( ( )\___ | '_ | '_| | '_ \/ _` | \ \ \ \
 \\/  ___)| |_)| | | | | || (_| |  ) ) ) )
  '  |____| .__|_| |_|_| |_\__, | / / / /
 =========|_|==============|___/=/_/_/_/
 :: Spring Boot ::                (v3.2.6)

2025-11-17T12:01:19.792-06:00  INFO 13248 --- [           main] c.i.c.OrderControllerIntegrationTests    : Starting OrderControllerIntegrationTests using Java 23.0.1 with PID 13248 (started by zoeym in C:\Database Class projects\Inventory-Managment-System-CIS407\Backend)
2025-11-17T12:01:19.797-06:00  INFO 13248 --- [           main] c.i.c.OrderControllerIntegrationTests    : No active profile set, falling back to 1 default profile: "default"
2025-11-17T12:01:22.776-06:00  INFO 13248 --- [           main] .s.d.r.c.RepositoryConfigurationDelegate : Bootstrapping Spring Data JPA repositories in DEFAULT mode.
2025-11-17T12:01:23.239-06:00  INFO 13248 --- [           main] .s.d.r.c.RepositoryConfigurationDelegate : Finished Spring Data repository scanning in 425 ms. Found 8 JPA repository interfaces.
2025-11-17T12:01:25.778-06:00  INFO 13248 --- [           main] o.s.b.w.embedded.tomcat.TomcatWebServer  : Tomcat initialized with port 0 (http)
2025-11-17T12:01:25.836-06:00  INFO 13248 --- [           main] o.apache.catalina.core.StandardService   : Starting service [Tomcat]
2025-11-17T12:01:25.838-06:00  INFO 13248 --- [           main] o.apache.catalina.core.StandardEngine    : Starting Servlet engine: [Apache Tomcat/10.1.24]
2025-11-17T12:01:26.103-06:00  INFO 13248 --- [           main] o.a.c.c.C.[Tomcat].[localhost].[/]       : Initializing Spring embedded WebApplicationContext
2025-11-17T12:01:26.105-06:00  INFO 13248 --- [           main] w.s.c.ServletWebServerApplicationContext : Root WebApplicationContext: initialization completed in 6207 ms
2025-11-17T12:01:26.835-06:00  INFO 13248 --- [           main] o.hibernate.jpa.internal.util.LogHelper  : HHH000204: Processing PersistenceUnitInfo [name: default]
2025-11-17T12:01:27.120-06:00  INFO 13248 --- [           main] org.hibernate.Version                    : HHH000412: Hibernate ORM core version 6.4.8.Final
2025-11-17T12:01:27.302-06:00  INFO 13248 --- [           main] o.h.c.internal.RegionFactoryInitiator    : HHH000026: Second-level cache disabled
2025-11-17T12:01:28.628-06:00  INFO 13248 --- [           main] o.s.o.j.p.SpringPersistenceUnitInfo      : No LoadTimeWeaver setup: ignoring JPA class transformer
2025-11-17T12:01:28.742-06:00  INFO 13248 --- [           main] com.zaxxer.hikari.HikariDataSource       : HikariPool-1 - Starting...
2025-11-17T12:01:29.605-06:00  INFO 13248 --- [           main] com.zaxxer.hikari.pool.HikariPool        : HikariPool-1 - Added connection conn0: url=jdbc:h2:mem:testdb user=SA
2025-11-17T12:01:29.610-06:00  INFO 13248 --- [           main] com.zaxxer.hikari.HikariDataSource       : HikariPool-1 - Start completed.
2025-11-17T12:01:29.688-06:00  WARN 13248 --- [           main] org.hibernate.orm.deprecation            : HHH90000025: H2Dialect does not need to be specified explicitly using 'hibernate.dialect' (remove the property setting and it will be selected by default)
2025-11-17T12:01:34.358-06:00  INFO 13248 --- [           main] o.h.e.t.j.p.i.JtaPlatformInitiator       : HHH000489: No JTA platform available (set 'hibernate.transaction.jta.platform' to enable JTA platform integration)
Hibernate: drop table if exists customers cascade 
Hibernate: drop table if exists order_items cascade 
Hibernate: drop table if exists orders cascade 
Hibernate: drop table if exists products cascade 
Hibernate: drop table if exists purchase_order_items cascade 
Hibernate: drop table if exists purchase_orders cascade 
Hibernate: drop table if exists stock cascade 
Hibernate: drop table if exists suppliers cascade 
Hibernate: create table customers (id bigint generated by default as identity, address varchar(255), email varchar(255), name varchar(255), phone varchar(255), primary key (id))
Hibernate: create table order_items (quantity integer, unit_price float(53), id bigint generated by default as identity, order_id bigint, product_id bigint, primary key (id))
Hibernate: create table orders (customer_id bigint, id bigint generated by default as identity, order_date timestamp(6), status varchar(255), primary key (id))
Hibernate: create table products (reorder_point integer, target_stock integer, unit_price float(53), id bigint generated by default as identity, supplier_id bigint, description varchar(255), name varchar(255), sku varchar(255), primary key (id))
Hibernate: create table purchase_order_items (quantity integer, unit_price float(53), id bigint generated by default as identity, product_id bigint, purchase_order_id bigint, primary key (id))
Hibernate: create table purchase_orders (created_date timestamp(6), id bigint generated by default as identity, supplier_id bigint, status varchar(255), primary key (id))
Hibernate: create table stock (quantity integer not null, id bigint generated by default as identity, product_id bigint unique, primary key (id))
Hibernate: create table suppliers (id bigint generated by default as identity, address varchar(255), contact varchar(255), email varchar(255), name varchar(255), phone varchar(255), primary key (id))
Hibernate: alter table if exists order_items add constraint FKbioxgbv59vetrxe0ejfubep1w foreign key (order_id) references orders
Hibernate: alter table if exists order_items add constraint FKocimc7dtr037rh4ls4l95nlfi foreign key (product_id) references products
Hibernate: alter table if exists orders add constraint FKpxtb8awmi0dk6smoh2vp1litg foreign key (customer_id) references customers
Hibernate: alter table if exists products add constraint FK6i174ixi9087gcvvut45em7fd foreign key (supplier_id) references suppliers
Hibernate: alter table if exists purchase_order_items add constraint FKs16e5vrvsp8alu0xp8m3a2ol5 foreign key (product_id) references products
Hibernate: alter table if exists purchase_order_items add constraint FKo3yj8ocbw2kav38548t22hgh8 foreign key (purchase_order_id) references purchase_orders
Hibernate: alter table if exists purchase_orders add constraint FKrpdasmb8y8xs5tiy4369xpinq foreign key (supplier_id) references suppliers
Hibernate: alter table if exists stock add constraint FKeuiihog7wq4cu7nvqu7jx57d2 foreign key (product_id) references products
2025-11-17T12:01:34.722-06:00  INFO 13248 --- [           main] j.LocalContainerEntityManagerFactoryBean : Initialized JPA EntityManagerFactory for persistence unit 'default'
2025-11-17T12:01:36.494-06:00  WARN 13248 --- [           main] JpaBaseConfiguration$JpaWebConfiguration : spring.jpa.open-in-view is enabled by default. Therefore, database queries may be performed during view rendering. Explicitly configure spring.jpa.open-in-view to disable this warning
2025-11-17T12:01:38.552-06:00  INFO 13248 --- [           main] o.s.b.w.embedded.tomcat.TomcatWebServer  : Tomcat started on port 60715 (http) with context path ''
2025-11-17T12:01:38.611-06:00  INFO 13248 --- [           main] c.i.c.OrderControllerIntegrationTests    : Started OrderControllerIntegrationTests in 20.297 seconds (process running for 25.169)
Hibernate: insert into customers (address,email,name,phone,id) values (?,?,?,?,default)
Hibernate: insert into products (description,name,reorder_point,sku,supplier_id,target_stock,unit_price,id) values (?,?,?,?,?,?,?,default)
Hibernate: insert into stock (product_id,quantity,id) values (?,?,default)
2025-11-17T12:01:41.526-06:00  INFO 13248 --- [o-auto-1-exec-1] o.a.c.c.C.[Tomcat].[localhost].[/]       : Initializing Spring DispatcherServlet 'dispatcherServlet'
2025-11-17T12:01:41.526-06:00  INFO 13248 --- [o-auto-1-exec-1] o.s.web.servlet.DispatcherServlet        : Initializing Servlet 'dispatcherServlet'
2025-11-17T12:01:41.529-06:00  INFO 13248 --- [o-auto-1-exec-1] o.s.web.servlet.DispatcherServlet        : Completed initialization in 3 ms
Hibernate: select p1_0.id,p1_0.description,p1_0.name,p1_0.reorder_point,p1_0.sku,s1_0.id,s1_0.address,s1_0.contact,s1_0.email,s1_0.name,s1_0.phone,p1_0.target_stock,p1_0.unit_price from products p1_0 left join suppliers s1_0 on s1_0.id=p1_0.supplier_id where p1_0.id=?
Hibernate: select s1_0.id,s1_0.product_id,s1_0.quantity from stock s1_0 left join products p1_0 on p1_0.id=s1_0.product_id where p1_0.id=?
Hibernate: select c1_0.id,c1_0.address,c1_0.email,c1_0.name,c1_0.phone from customers c1_0 where c1_0.id=?
Hibernate: insert into orders (customer_id,order_date,status,id) values (?,?,?,default)
Hibernate: insert into order_items (order_id,product_id,quantity,unit_price,id) values (?,?,?,?,default)
Hibernate: update stock set product_id=?,quantity=? where id=?
Hibernate: select o1_0.id,o1_0.customer_id,o1_0.order_date,o1_0.status from orders o1_0
Hibernate: select c1_0.id,c1_0.address,c1_0.email,c1_0.name,c1_0.phone from customers c1_0 where c1_0.id=?
Hibernate: select oi1_0.id,oi1_0.order_id,oi1_0.product_id,oi1_0.quantity,oi1_0.unit_price from order_items oi1_0
Hibernate: select p1_0.id,p1_0.description,p1_0.name,p1_0.reorder_point,p1_0.sku,s1_0.id,s1_0.address,s1_0.contact,s1_0.email,s1_0.name,s1_0.phone,p1_0.target_stock,p1_0.unit_price from products p1_0 left join suppliers s1_0 on s1_0.id=p1_0.supplier_id where p1_0.id=?
Hibernate: select s1_0.id,s1_0.product_id,s1_0.quantity from stock s1_0 left join products p1_0 on p1_0.id=s1_0.product_id where p1_0.id=?
Hibernate: select p1_0.id,p1_0.description,p1_0.name,p1_0.reorder_point,p1_0.sku,s1_0.id,s1_0.address,s1_0.contact,s1_0.email,s1_0.name,s1_0.phone,p1_0.target_stock,p1_0.unit_price from products p1_0 left join suppliers s1_0 on s1_0.id=p1_0.supplier_id where p1_0.id=?
]]></system-out>
    <system-err><![CDATA[WARNING: A Java agent has been loaded dynamically (C:\Users\zoeym\.m2\repository\net\bytebuddy\byte-buddy-agent\1.14.16\byte-buddy-agent-1.14.16.jar)
WARNING: If a serviceability tool is in use, please run with -XX:+EnableDynamicAgentLoading to hide this warning
WARNING: If a serviceability tool is not in use, please run with -Djdk.instrument.traceUsage for more information
WARNING: Dynamic loading of agents will be disallowed by default in a future release
]]></system-err>
  </testcase>
  <testcase name="placeMultiItemOrder_createsMultipleOrderItems_and_decreasesEachStock" classname="com.inventory.controller.OrderControllerIntegrationTests" time="0.2">
    <system-out><![CDATA[Hibernate: insert into customers (address,email,name,phone,id) values (?,?,?,?,default)
Hibernate: insert into products (description,name,reorder_point,sku,supplier_id,target_stock,unit_price,id) values (?,?,?,?,?,?,?,default)
Hibernate: insert into stock (product_id,quantity,id) values (?,?,default)
Hibernate: insert into products (description,name,reorder_point,sku,supplier_id,target_stock,unit_price,id) values (?,?,?,?,?,?,?,default)
Hibernate: insert into stock (product_id,quantity,id) values (?,?,default)
Hibernate: select p1_0.id,p1_0.description,p1_0.name,p1_0.reorder_point,p1_0.sku,s1_0.id,s1_0.address,s1_0.contact,s1_0.email,s1_0.name,s1_0.phone,p1_0.target_stock,p1_0.unit_price from products p1_0 left join suppliers s1_0 on s1_0.id=p1_0.supplier_id where p1_0.id=?
Hibernate: select s1_0.id,s1_0.product_id,s1_0.quantity from stock s1_0 left join products p1_0 on p1_0.id=s1_0.product_id where p1_0.id=?
Hibernate: select p1_0.id,p1_0.description,p1_0.name,p1_0.reorder_point,p1_0.sku,s1_0.id,s1_0.address,s1_0.contact,s1_0.email,s1_0.name,s1_0.phone,p1_0.target_stock,p1_0.unit_price from products p1_0 left join suppliers s1_0 on s1_0.id=p1_0.supplier_id where p1_0.id=?
Hibernate: update stock set product_id=?,quantity=? where id=?
Hibernate: select s1_0.id,s1_0.product_id,s1_0.quantity from stock s1_0 left join products p1_0 on p1_0.id=s1_0.product_id where p1_0.id=?
Hibernate: select c1_0.id,c1_0.address,c1_0.email,c1_0.name,c1_0.phone from customers c1_0 where c1_0.id=?
Hibernate: insert into orders (customer_id,order_date,status,id) values (?,?,?,default)
Hibernate: insert into order_items (order_id,product_id,quantity,unit_price,id) values (?,?,?,?,default)
Hibernate: insert into order_items (order_id,product_id,quantity,unit_price,id) values (?,?,?,?,default)
Hibernate: update stock set product_id=?,quantity=? where id=?
Hibernate: select o1_0.id,o1_0.customer_id,o1_0.order_date,o1_0.status from orders o1_0
Hibernate: select c1_0.id,c1_0.address,c1_0.email,c1_0.name,c1_0.phone from customers c1_0 where c1_0.id=?
Hibernate: select c1_0.id,c1_0.address,c1_0.email,c1_0.name,c1_0.phone from customers c1_0 where c1_0.id=?
Hibernate: select oi1_0.id,oi1_0.order_id,oi1_0.product_id,oi1_0.quantity,oi1_0.unit_price from order_items oi1_0
Hibernate: select p1_0.id,p1_0.description,p1_0.name,p1_0.reorder_point,p1_0.sku,s1_0.id,s1_0.address,s1_0.contact,s1_0.email,s1_0.name,s1_0.phone,p1_0.target_stock,p1_0.unit_price from products p1_0 left join suppliers s1_0 on s1_0.id=p1_0.supplier_id where p1_0.id=?
Hibernate: select p1_0.id,p1_0.description,p1_0.name,p1_0.reorder_point,p1_0.sku,s1_0.id,s1_0.address,s1_0.contact,s1_0.email,s1_0.name,s1_0.phone,p1_0.target_stock,p1_0.unit_price from products p1_0 left join suppliers s1_0 on s1_0.id=p1_0.supplier_id where p1_0.id=?
Hibernate: select p1_0.id,p1_0.description,p1_0.name,p1_0.reorder_point,p1_0.sku,s1_0.id,s1_0.address,s1_0.contact,s1_0.email,s1_0.name,s1_0.phone,p1_0.target_stock,p1_0.unit_price from products p1_0 left join suppliers s1_0 on s1_0.id=p1_0.supplier_id where p1_0.id=?
Hibernate: select s1_0.id,s1_0.product_id,s1_0.quantity from stock s1_0 left join products p1_0 on p1_0.id=s1_0.product_id where p1_0.id=?
Hibernate: select p1_0.id,p1_0.description,p1_0.name,p1_0.reorder_point,p1_0.sku,s1_0.id,s1_0.address,s1_0.contact,s1_0.email,s1_0.name,s1_0.phone,p1_0.target_stock,p1_0.unit_price from products p1_0 left join suppliers s1_0 on s1_0.id=p1_0.supplier_id where p1_0.id=?
Hibernate: select s1_0.id,s1_0.product_id,s1_0.quantity from stock s1_0 left join products p1_0 on p1_0.id=s1_0.product_id where p1_0.id=?
Hibernate: select p1_0.id,p1_0.description,p1_0.name,p1_0.reorder_point,p1_0.sku,s1_0.id,s1_0.address,s1_0.contact,s1_0.email,s1_0.name,s1_0.phone,p1_0.target_stock,p1_0.unit_price from products p1_0 left join suppliers s1_0 on s1_0.id=p1_0.supplier_id where p1_0.id=?
]]></system-out>
  </testcase>
</testsuite>