<?xml version="1.0" encoding="UTF-8"?>
<testsuite xmlns:xsi="http://www.w3.org/2001/XMLSchema-instance" xsi:noNamespaceSchemaLocation="https://maven.apache.org/surefire/maven-surefire-plugin/xsd/surefire-test-report-3.0.xsd" version="3.0" name="com.inventory.repository.ConstraintRepositoryTests" time="3.033" tests="2" errors="0" skipped="0" failures="0">
  <properties>
[...]
</properties>
  <testcase name="deleteSupplier_referencedByProduct_shouldBlockOrCascade" classname="com.inventory.repository.ConstraintRepositoryTests" time="0.254">
    <system-out><![CDATA[2025-11-17T12:01:50.889-06:00  INFO 13248 --- [           main] t.c.s.AnnotationConfigContextLoaderUtils : Could not detect default configuration classes for test class [com.inventory.repository.ConstraintRepositoryTests]: ConstraintRepositoryTests does not declare any static, non-private, non-final, nested classes annotated with @Configuration.
2025-11-17T12:01:51.145-06:00  INFO 13248 --- [           main] .b.t.c.SpringBootTestContextBootstrapper : Found @SpringBootConfiguration com.inventory.InventoryManagementApplication for test class com.inventory.repository.ConstraintRepositoryTests

  .   ____          _            __ _ _
 /\\ / ___'_ __ _ _(_)_ __  __ _ \ \ \ \
( ( )\___ | '_ | '_| | '_ \/ _` | \ \ \ \
 \\/  ___)| |_)| | | | | || (_| |  ) ) ) )
  '  |____| .__|_| |_|_| |_\__, | / / / /
 =========|_|==============|___/=/_/_/_/
 :: Spring Boot ::                (v3.2.6)

2025-11-17T12:01:51.289-06:00  INFO 13248 --- [           main] c.i.r.ConstraintRepositoryTests          : Starting ConstraintRepositoryTests using Java 23.0.1 with PID 13248 (started by zoeym in C:\Database Class projects\Inventory-Managment-System-CIS407\Backend)
2025-11-17T12:01:51.291-06:00  INFO 13248 --- [           main] c.i.r.ConstraintRepositoryTests          : No active profile set, falling back to 1 default profile: "default"
2025-11-17T12:01:51.729-06:00  INFO 13248 --- [           main] .s.d.r.c.RepositoryConfigurationDelegate : Bootstrapping Spring Data JPA repositories in DEFAULT mode.
2025-11-17T12:01:51.852-06:00  INFO 13248 --- [           main] .s.d.r.c.RepositoryConfigurationDelegate : Finished Spring Data repository scanning in 123 ms. Found 8 JPA repository interfaces.
2025-11-17T12:01:51.992-06:00  INFO 13248 --- [           main] beddedDataSourceBeanFactoryPostProcessor : Replacing 'dataSource' DataSource bean with embedded version
2025-11-17T12:01:52.122-06:00  INFO 13248 --- [           main] o.s.j.d.e.EmbeddedDatabaseFactory        : Starting embedded database: url='jdbc:h2:mem:06f48bfe-5f9d-4bda-a356-cba46216845f;DB_CLOSE_DELAY=-1;DB_CLOSE_ON_EXIT=false', username='sa'
2025-11-17T12:01:52.258-06:00  INFO 13248 --- [           main] o.hibernate.jpa.internal.util.LogHelper  : HHH000204: Processing PersistenceUnitInfo [name: default]
2025-11-17T12:01:52.272-06:00  INFO 13248 --- [           main] o.h.c.internal.RegionFactoryInitiator    : HHH000026: Second-level cache disabled
2025-11-17T12:01:52.296-06:00  INFO 13248 --- [           main] o.s.o.j.p.SpringPersistenceUnitInfo      : No LoadTimeWeaver setup: ignoring JPA class transformer
2025-11-17T12:01:52.313-06:00  WARN 13248 --- [           main] org.hibernate.orm.deprecation            : HHH90000025: H2Dialect does not need to be specified explicitly using 'hibernate.dialect' (remove the property setting and it will be selected by default)
2025-11-17T12:01:52.959-06:00  INFO 13248 --- [           main] o.h.e.t.j.p.i.JtaPlatformInitiator       : HHH000489: No JTA platform available (set 'hibernate.transaction.jta.platform' to enable JTA platform integration)
Hibernate: drop table if exists customers cascade 
Hibernate: drop table if exists order_items cascade 
Hibernate: drop table if exists orders cascade 
Hibernate: drop table if exists products cascade 
Hibernate: drop table if exists purchase_order_items cascade 
Hibernate: drop table if exists purchase_orders cascade 
Hibernate: drop table if exists stock cascade 
Hibernate: drop table if exists suppliers cascade 
Hibernate: create table customers (id bigint generated by default as identity, address varchar(255), email varchar(255), name varchar(255), phone varchar(255), primary key (id))
Hibernate: create table order_items (quantity integer, unit_price float(53), id bigint generated by default as identity, order_id bigint, product_id bigint, primary key (id))
Hibernate: create table orders (customer_id bigint, id bigint generated by default as identity, order_date timestamp(6), status varchar(255), primary key (id))
Hibernate: create table products (reorder_point integer, target_stock integer, unit_price float(53), id bigint generated by default as identity, supplier_id bigint, description varchar(255), name varchar(255), sku varchar(255), primary key (id))
Hibernate: create table purchase_order_items (quantity integer, unit_price float(53), id bigint generated by default as identity, product_id bigint, purchase_order_id bigint, primary key (id))
Hibernate: create table purchase_orders (created_date timestamp(6), id bigint generated by default as identity, supplier_id bigint, status varchar(255), primary key (id))
Hibernate: create table stock (quantity integer not null, id bigint generated by default as identity, product_id bigint unique, primary key (id))
Hibernate: create table suppliers (id bigint generated by default as identity, address varchar(255), contact varchar(255), email varchar(255), name varchar(255), phone varchar(255), primary key (id))
Hibernate: alter table if exists order_items add constraint FKbioxgbv59vetrxe0ejfubep1w foreign key (order_id) references orders
Hibernate: alter table if exists order_items add constraint FKocimc7dtr037rh4ls4l95nlfi foreign key (product_id) references products
Hibernate: alter table if exists orders add constraint FKpxtb8awmi0dk6smoh2vp1litg foreign key (customer_id) references customers
Hibernate: alter table if exists products add constraint FK6i174ixi9087gcvvut45em7fd foreign key (supplier_id) references suppliers
Hibernate: alter table if exists purchase_order_items add constraint FKs16e5vrvsp8alu0xp8m3a2ol5 foreign key (product_id) references products
Hibernate: alter table if exists purchase_order_items add constraint FKo3yj8ocbw2kav38548t22hgh8 foreign key (purchase_order_id) references purchase_orders
Hibernate: alter table if exists purchase_orders add constraint FKrpdasmb8y8xs5tiy4369xpinq foreign key (supplier_id) references suppliers
Hibernate: alter table if exists stock add constraint FKeuiihog7wq4cu7nvqu7jx57d2 foreign key (product_id) references products
2025-11-17T12:01:53.147-06:00  INFO 13248 --- [           main] j.LocalContainerEntityManagerFactoryBean : Initialized JPA EntityManagerFactory for persistence unit 'default'
2025-11-17T12:01:53.585-06:00  INFO 13248 --- [           main] c.i.r.ConstraintRepositoryTests          : Started ConstraintRepositoryTests in 2.407 seconds (process running for 40.143)
Hibernate: insert into suppliers (address,contact,email,name,phone,id) values (?,?,?,?,?,default)
Hibernate: insert into products (description,name,reorder_point,sku,supplier_id,target_stock,unit_price,id) values (?,?,?,?,?,?,?,default)
Hibernate: delete from suppliers where id=?
2025-11-17T12:01:53.825-06:00  WARN 13248 --- [           main] o.h.engine.jdbc.spi.SqlExceptionHelper   : SQL Error: 23503, SQLState: 23503
2025-11-17T12:01:53.825-06:00 ERROR 13248 --- [           main] o.h.engine.jdbc.spi.SqlExceptionHelper   : Referential integrity constraint violation: "FK6I174IXI9087GCVVUT45EM7FD: PUBLIC.PRODUCTS FOREIGN KEY(SUPPLIER_ID) REFERENCES PUBLIC.SUPPLIERS(ID) (CAST(1 AS BIGINT))"; SQL statement:
delete from suppliers where id=? [23503-224]
]]></system-out>
  </testcase>
  <testcase name="createProduct_withInvalidSupplierId_shouldFail" classname="com.inventory.repository.ConstraintRepositoryTests" time="0.033">
    <system-out><![CDATA[Hibernate: insert into products (description,name,reorder_point,sku,supplier_id,target_stock,unit_price,id) values (?,?,?,?,?,?,?,default)
2025-11-17T12:01:53.894-06:00  WARN 13248 --- [           main] o.h.engine.jdbc.spi.SqlExceptionHelper   : SQL Error: 23506, SQLState: 23506
2025-11-17T12:01:53.896-06:00 ERROR 13248 --- [           main] o.h.engine.jdbc.spi.SqlExceptionHelper   : Referential integrity constraint violation: "FK6I174IXI9087GCVVUT45EM7FD: PUBLIC.PRODUCTS FOREIGN KEY(SUPPLIER_ID) REFERENCES PUBLIC.SUPPLIERS(ID) (CAST(9999 AS BIGINT))"; SQL statement:
insert into products (description,name,reorder_point,sku,supplier_id,target_stock,unit_price,id) values (?,?,?,?,?,?,?,default) [23506-224]
]]></system-out>
  </testcase>
</testsuite>